<?xml version="1.0" encoding="UTF-8"?>
<coverage generated="1550002028082" clover="3.2.0">
  <project timestamp="1550002028082" name="All files">
    <metrics statements="64" coveredstatements="28" conditionals="47" coveredconditionals="13" methods="26" coveredmethods="5" elements="137" coveredelements="46" complexity="0" loc="64" ncloc="64" packages="1" files="2" classes="2"/>
    <file name="obj.js" path="C:\Users\Kenneth\Desktop\Ian\Work\Prismo\Obj.js-Testing\obj.js">
      <metrics statements="59" coveredstatements="25" conditionals="43" coveredconditionals="13" methods="22" coveredmethods="5"/>
      <line num="2" count="8" type="stmt"/>
      <line num="3" count="8" type="stmt"/>
      <line num="7" count="8" type="stmt"/>
      <line num="8" count="23" type="cond" truecount="2" falsecount="0"/>
      <line num="9" count="11" type="stmt"/>
      <line num="12" count="12" type="stmt"/>
      <line num="13" count="3" type="cond" truecount="1" falsecount="1"/>
      <line num="14" count="3" type="stmt"/>
      <line num="17" count="9" type="stmt"/>
      <line num="24" count="8" type="stmt"/>
      <line num="25" count="47" type="cond" truecount="2" falsecount="0"/>
      <line num="26" count="47" type="cond" truecount="2" falsecount="0"/>
      <line num="27" count="47" type="cond" truecount="2" falsecount="0"/>
      <line num="28" count="47" type="cond" truecount="2" falsecount="0"/>
      <line num="29" count="47" type="cond" truecount="2" falsecount="0"/>
      <line num="30" count="21" type="stmt"/>
      <line num="36" count="8" type="stmt"/>
      <line num="37" count="0" type="cond" truecount="0" falsecount="2"/>
      <line num="38" count="0" type="stmt"/>
      <line num="40" count="0" type="cond" truecount="0" falsecount="2"/>
      <line num="41" count="0" type="stmt"/>
      <line num="42" count="0" type="stmt"/>
      <line num="43" count="0" type="stmt"/>
      <line num="44" count="0" type="cond" truecount="0" falsecount="3"/>
      <line num="45" count="0" type="stmt"/>
      <line num="46" count="0" type="stmt"/>
      <line num="48" count="0" type="stmt"/>
      <line num="53" count="8" type="stmt"/>
      <line num="54" count="0" type="cond" truecount="0" falsecount="2"/>
      <line num="55" count="0" type="stmt"/>
      <line num="61" count="8" type="cond" truecount="0" falsecount="1"/>
      <line num="62" count="0" type="cond" truecount="0" falsecount="2"/>
      <line num="63" count="0" type="cond" truecount="0" falsecount="2"/>
      <line num="64" count="0" type="stmt"/>
      <line num="66" count="0" type="stmt"/>
      <line num="70" count="8" type="stmt"/>
      <line num="71" count="0" type="cond" truecount="0" falsecount="2"/>
      <line num="72" count="0" type="cond" truecount="0" falsecount="2"/>
      <line num="73" count="0" type="stmt"/>
      <line num="75" count="0" type="stmt"/>
      <line num="83" count="8" type="cond" truecount="0" falsecount="2"/>
      <line num="85" count="0" type="stmt"/>
      <line num="86" count="0" type="stmt"/>
      <line num="87" count="0" type="stmt"/>
      <line num="96" count="8" type="cond" truecount="0" falsecount="2"/>
      <line num="98" count="0" type="stmt"/>
      <line num="99" count="0" type="cond" truecount="0" falsecount="2"/>
      <line num="100" count="0" type="stmt"/>
      <line num="102" count="0" type="stmt"/>
      <line num="103" count="0" type="stmt"/>
      <line num="107" count="8" type="stmt"/>
      <line num="108" count="23" type="stmt"/>
      <line num="109" count="47" type="stmt"/>
      <line num="110" count="0" type="stmt"/>
      <line num="111" count="0" type="stmt"/>
      <line num="112" count="0" type="cond" truecount="0" falsecount="1"/>
      <line num="113" count="0" type="stmt"/>
      <line num="114" count="0" type="stmt"/>
      <line num="115" count="0" type="stmt"/>
    </file>
    <file name="var.js" path="C:\Users\Kenneth\Desktop\Ian\Work\Prismo\Obj.js-Testing\var.js">
      <metrics statements="5" coveredstatements="3" conditionals="4" coveredconditionals="0" methods="4" coveredmethods="0"/>
      <line num="7" count="8" type="cond" truecount="0" falsecount="2"/>
      <line num="10" count="8" type="cond" truecount="0" falsecount="2"/>
      <line num="12" count="8" type="stmt"/>
      <line num="13" count="0" type="stmt"/>
      <line num="14" count="0" type="stmt"/>
    </file>
  </project>
</coverage>
