{"C:\\Users\\Kenneth\\Desktop\\Ian\\Work\\Prismo\\Obj.js-Testing\\obj.js": {"path":"C:\\Users\\Kenneth\\Desktop\\Ian\\Work\\Prismo\\Obj.js-Testing\\obj.js","statementMap":{"0":{"start":{"line":2,"column":17},"end":{"line":2,"column":33}},"1":{"start":{"line":3,"column":0},"end":{"line":3,"column":37}},"2":{"start":{"line":7,"column":27},"end":{"line":18,"column":1}},"3":{"start":{"line":8,"column":2},"end":{"line":10,"column":3}},"4":{"start":{"line":9,"column":4},"end":{"line":9,"column":16}},"5":{"start":{"line":12,"column":2},"end":{"line":16,"column":3}},"6":{"start":{"line":13,"column":4},"end":{"line":15,"column":5}},"7":{"start":{"line":14,"column":6},"end":{"line":14,"column":19}},"8":{"start":{"line":17,"column":2},"end":{"line":17,"column":14}},"9":{"start":{"line":24,"column":34},"end":{"line":31,"column":1}},"10":{"start":{"line":25,"column":2},"end":{"line":25,"column":22}},"11":{"start":{"line":26,"column":2},"end":{"line":26,"column":22}},"12":{"start":{"line":27,"column":16},"end":{"line":27,"column":42}},"13":{"start":{"line":28,"column":16},"end":{"line":28,"column":42}},"14":{"start":{"line":29,"column":2},"end":{"line":30,"column":50}},"15":{"start":{"line":30,"column":23},"end":{"line":30,"column":48}},"16":{"start":{"line":36,"column":24},"end":{"line":49,"column":1}},"17":{"start":{"line":37,"column":2},"end":{"line":39,"column":3}},"18":{"start":{"line":38,"column":4},"end":{"line":38,"column":16}},"19":{"start":{"line":40,"column":2},"end":{"line":40,"column":23}},"20":{"start":{"line":41,"column":16},"end":{"line":41,"column":33}},"21":{"start":{"line":42,"column":12},"end":{"line":42,"column":16}},"22":{"start":{"line":43,"column":13},"end":{"line":43,"column":26}},"23":{"start":{"line":44,"column":2},"end":{"line":47,"column":3}},"24":{"start":{"line":45,"column":4},"end":{"line":45,"column":20}},"25":{"start":{"line":46,"column":4},"end":{"line":46,"column":25}},"26":{"start":{"line":48,"column":2},"end":{"line":48,"column":13}},"27":{"start":{"line":53,"column":31},"end":{"line":57,"column":1}},"28":{"start":{"line":54,"column":2},"end":{"line":56,"column":5}},"29":{"start":{"line":55,"column":4},"end":{"line":55,"column":39}},"30":{"start":{"line":61,"column":29},"end":{"line":67,"column":1}},"31":{"start":{"line":62,"column":2},"end":{"line":62,"column":32}},"32":{"start":{"line":63,"column":2},"end":{"line":65,"column":5}},"33":{"start":{"line":64,"column":4},"end":{"line":64,"column":38}},"34":{"start":{"line":66,"column":2},"end":{"line":66,"column":18}},"35":{"start":{"line":70,"column":37},"end":{"line":76,"column":1}},"36":{"start":{"line":71,"column":15},"end":{"line":71,"column":38}},"37":{"start":{"line":72,"column":2},"end":{"line":74,"column":3}},"38":{"start":{"line":73,"column":4},"end":{"line":73,"column":16}},"39":{"start":{"line":75,"column":2},"end":{"line":75,"column":36}},"40":{"start":{"line":75,"column":25},"end":{"line":75,"column":34}},"41":{"start":{"line":83,"column":31},"end":{"line":88,"column":16}},"42":{"start":{"line":83,"column":53},"end":{"line":88,"column":16}},"43":{"start":{"line":85,"column":16},"end":{"line":85,"column":27}},"44":{"start":{"line":86,"column":4},"end":{"line":86,"column":20}},"45":{"start":{"line":87,"column":4},"end":{"line":87,"column":15}},"46":{"start":{"line":96,"column":37},"end":{"line":104,"column":16}},"47":{"start":{"line":96,"column":59},"end":{"line":104,"column":16}},"48":{"start":{"line":98,"column":16},"end":{"line":98,"column":27}},"49":{"start":{"line":99,"column":4},"end":{"line":101,"column":5}},"50":{"start":{"line":100,"column":6},"end":{"line":100,"column":20}},"51":{"start":{"line":102,"column":4},"end":{"line":102,"column":24}},"52":{"start":{"line":103,"column":4},"end":{"line":103,"column":15}},"53":{"start":{"line":107,"column":0},"end":{"line":116,"column":1}},"54":{"start":{"line":108,"column":27},"end":{"line":108,"column":48}},"55":{"start":{"line":109,"column":48},"end":{"line":109,"column":90}},"56":{"start":{"line":110,"column":37},"end":{"line":110,"column":68}},"57":{"start":{"line":111,"column":44},"end":{"line":111,"column":82}},"58":{"start":{"line":112,"column":61},"end":{"line":112,"column":111}},"59":{"start":{"line":113,"column":45},"end":{"line":113,"column":84}},"60":{"start":{"line":114,"column":43},"end":{"line":114,"column":80}},"61":{"start":{"line":115,"column":49},"end":{"line":115,"column":92}}},"fnMap":{"0":{"name":"(anonymous_0)","decl":{"start":{"line":7,"column":27},"end":{"line":7,"column":28}},"loc":{"start":{"line":7,"column":35},"end":{"line":18,"column":1}},"line":7},"1":{"name":"(anonymous_1)","decl":{"start":{"line":24,"column":34},"end":{"line":24,"column":35}},"loc":{"start":{"line":24,"column":58},"end":{"line":31,"column":1}},"line":24},"2":{"name":"(anonymous_2)","decl":{"start":{"line":30,"column":16},"end":{"line":30,"column":17}},"loc":{"start":{"line":30,"column":23},"end":{"line":30,"column":48}},"line":30},"3":{"name":"(anonymous_3)","decl":{"start":{"line":36,"column":24},"end":{"line":36,"column":25}},"loc":{"start":{"line":36,"column":47},"end":{"line":49,"column":1}},"line":36},"4":{"name":"(anonymous_4)","decl":{"start":{"line":53,"column":31},"end":{"line":53,"column":32}},"loc":{"start":{"line":53,"column":54},"end":{"line":57,"column":1}},"line":53},"5":{"name":"(anonymous_5)","decl":{"start":{"line":54,"column":30},"end":{"line":54,"column":31}},"loc":{"start":{"line":54,"column":38},"end":{"line":56,"column":3}},"line":54},"6":{"name":"(anonymous_6)","decl":{"start":{"line":61,"column":29},"end":{"line":61,"column":30}},"loc":{"start":{"line":61,"column":71},"end":{"line":67,"column":1}},"line":61},"7":{"name":"(anonymous_7)","decl":{"start":{"line":63,"column":28},"end":{"line":63,"column":29}},"loc":{"start":{"line":63,"column":36},"end":{"line":65,"column":3}},"line":63},"8":{"name":"(anonymous_8)","decl":{"start":{"line":70,"column":37},"end":{"line":70,"column":38}},"loc":{"start":{"line":70,"column":55},"end":{"line":76,"column":1}},"line":70},"9":{"name":"(anonymous_9)","decl":{"start":{"line":75,"column":18},"end":{"line":75,"column":19}},"loc":{"start":{"line":75,"column":25},"end":{"line":75,"column":34}},"line":75},"10":{"name":"(anonymous_10)","decl":{"start":{"line":83,"column":31},"end":{"line":83,"column":32}},"loc":{"start":{"line":83,"column":53},"end":{"line":88,"column":16}},"line":83},"11":{"name":"(anonymous_11)","decl":{"start":{"line":84,"column":10},"end":{"line":84,"column":11}},"loc":{"start":{"line":84,"column":25},"end":{"line":88,"column":3}},"line":84},"12":{"name":"(anonymous_12)","decl":{"start":{"line":96,"column":37},"end":{"line":96,"column":38}},"loc":{"start":{"line":96,"column":59},"end":{"line":104,"column":16}},"line":96},"13":{"name":"(anonymous_13)","decl":{"start":{"line":97,"column":10},"end":{"line":97,"column":11}},"loc":{"start":{"line":97,"column":25},"end":{"line":104,"column":3}},"line":97},"14":{"name":"(anonymous_14)","decl":{"start":{"line":108,"column":11},"end":{"line":108,"column":12}},"loc":{"start":{"line":108,"column":26},"end":{"line":108,"column":50}},"line":108},"15":{"name":"(anonymous_15)","decl":{"start":{"line":109,"column":18},"end":{"line":109,"column":19}},"loc":{"start":{"line":109,"column":47},"end":{"line":109,"column":91}},"line":109},"16":{"name":"(anonymous_16)","decl":{"start":{"line":110,"column":8},"end":{"line":110,"column":9}},"loc":{"start":{"line":110,"column":36},"end":{"line":110,"column":69}},"line":110},"17":{"name":"(anonymous_17)","decl":{"start":{"line":111,"column":15},"end":{"line":111,"column":16}},"loc":{"start":{"line":111,"column":43},"end":{"line":111,"column":83}},"line":111},"18":{"name":"(anonymous_18)","decl":{"start":{"line":112,"column":13},"end":{"line":112,"column":14}},"loc":{"start":{"line":112,"column":60},"end":{"line":112,"column":112}},"line":112},"19":{"name":"(anonymous_19)","decl":{"start":{"line":113,"column":21},"end":{"line":113,"column":22}},"loc":{"start":{"line":113,"column":44},"end":{"line":113,"column":85}},"line":113},"20":{"name":"(anonymous_20)","decl":{"start":{"line":114,"column":15},"end":{"line":114,"column":16}},"loc":{"start":{"line":114,"column":42},"end":{"line":114,"column":81}},"line":114},"21":{"name":"(anonymous_21)","decl":{"start":{"line":115,"column":21},"end":{"line":115,"column":22}},"loc":{"start":{"line":115,"column":48},"end":{"line":115,"column":93}},"line":115}},"branchMap":{"0":{"loc":{"start":{"line":8,"column":2},"end":{"line":10,"column":3}},"type":"if","locations":[{"start":{"line":8,"column":2},"end":{"line":10,"column":3}},{"start":{"line":8,"column":2},"end":{"line":10,"column":3}}],"line":8},"1":{"loc":{"start":{"line":13,"column":4},"end":{"line":15,"column":5}},"type":"if","locations":[{"start":{"line":13,"column":4},"end":{"line":15,"column":5}},{"start":{"line":13,"column":4},"end":{"line":15,"column":5}}],"line":13},"2":{"loc":{"start":{"line":25,"column":10},"end":{"line":25,"column":21}},"type":"binary-expr","locations":[{"start":{"line":25,"column":10},"end":{"line":25,"column":15}},{"start":{"line":25,"column":19},"end":{"line":25,"column":21}}],"line":25},"3":{"loc":{"start":{"line":26,"column":10},"end":{"line":26,"column":21}},"type":"binary-expr","locations":[{"start":{"line":26,"column":10},"end":{"line":26,"column":15}},{"start":{"line":26,"column":19},"end":{"line":26,"column":21}}],"line":26},"4":{"loc":{"start":{"line":27,"column":16},"end":{"line":27,"column":42}},"type":"binary-expr","locations":[{"start":{"line":27,"column":16},"end":{"line":27,"column":20}},{"start":{"line":27,"column":24},"end":{"line":27,"column":42}}],"line":27},"5":{"loc":{"start":{"line":28,"column":16},"end":{"line":28,"column":42}},"type":"binary-expr","locations":[{"start":{"line":28,"column":16},"end":{"line":28,"column":20}},{"start":{"line":28,"column":24},"end":{"line":28,"column":42}}],"line":28},"6":{"loc":{"start":{"line":29,"column":9},"end":{"line":30,"column":49}},"type":"binary-expr","locations":[{"start":{"line":29,"column":10},"end":{"line":29,"column":39}},{"start":{"line":30,"column":4},"end":{"line":30,"column":49}}],"line":29},"7":{"loc":{"start":{"line":37,"column":2},"end":{"line":39,"column":3}},"type":"if","locations":[{"start":{"line":37,"column":2},"end":{"line":39,"column":3}},{"start":{"line":37,"column":2},"end":{"line":39,"column":3}}],"line":37},"8":{"loc":{"start":{"line":40,"column":10},"end":{"line":40,"column":22}},"type":"binary-expr","locations":[{"start":{"line":40,"column":10},"end":{"line":40,"column":15}},{"start":{"line":40,"column":19},"end":{"line":40,"column":22}}],"line":40},"9":{"loc":{"start":{"line":44,"column":9},"end":{"line":44,"column":50}},"type":"binary-expr","locations":[{"start":{"line":44,"column":9},"end":{"line":44,"column":21}},{"start":{"line":44,"column":25},"end":{"line":44,"column":42}},{"start":{"line":44,"column":46},"end":{"line":44,"column":50}}],"line":44},"10":{"loc":{"start":{"line":54,"column":3},"end":{"line":54,"column":20}},"type":"binary-expr","locations":[{"start":{"line":54,"column":3},"end":{"line":54,"column":14}},{"start":{"line":54,"column":18},"end":{"line":54,"column":20}}],"line":54},"11":{"loc":{"start":{"line":61,"column":53},"end":{"line":61,"column":66}},"type":"default-arg","locations":[{"start":{"line":61,"column":64},"end":{"line":61,"column":66}}],"line":61},"12":{"loc":{"start":{"line":62,"column":15},"end":{"line":62,"column":31}},"type":"binary-expr","locations":[{"start":{"line":62,"column":15},"end":{"line":62,"column":25}},{"start":{"line":62,"column":29},"end":{"line":62,"column":31}}],"line":62},"13":{"loc":{"start":{"line":63,"column":3},"end":{"line":63,"column":18}},"type":"binary-expr","locations":[{"start":{"line":63,"column":3},"end":{"line":63,"column":12}},{"start":{"line":63,"column":16},"end":{"line":63,"column":18}}],"line":63},"14":{"loc":{"start":{"line":71,"column":27},"end":{"line":71,"column":37}},"type":"binary-expr","locations":[{"start":{"line":71,"column":27},"end":{"line":71,"column":31}},{"start":{"line":71,"column":35},"end":{"line":71,"column":37}}],"line":71},"15":{"loc":{"start":{"line":72,"column":2},"end":{"line":74,"column":3}},"type":"if","locations":[{"start":{"line":72,"column":2},"end":{"line":74,"column":3}},{"start":{"line":72,"column":2},"end":{"line":74,"column":3}}],"line":72},"16":{"loc":{"start":{"line":83,"column":54},"end":{"line":83,"column":63}},"type":"binary-expr","locations":[{"start":{"line":83,"column":54},"end":{"line":83,"column":57}},{"start":{"line":83,"column":61},"end":{"line":83,"column":63}}],"line":83},"17":{"loc":{"start":{"line":88,"column":5},"end":{"line":88,"column":15}},"type":"binary-expr","locations":[{"start":{"line":88,"column":5},"end":{"line":88,"column":9}},{"start":{"line":88,"column":13},"end":{"line":88,"column":15}}],"line":88},"18":{"loc":{"start":{"line":96,"column":60},"end":{"line":96,"column":69}},"type":"binary-expr","locations":[{"start":{"line":96,"column":60},"end":{"line":96,"column":63}},{"start":{"line":96,"column":67},"end":{"line":96,"column":69}}],"line":96},"19":{"loc":{"start":{"line":99,"column":4},"end":{"line":101,"column":5}},"type":"if","locations":[{"start":{"line":99,"column":4},"end":{"line":101,"column":5}},{"start":{"line":99,"column":4},"end":{"line":101,"column":5}}],"line":99},"20":{"loc":{"start":{"line":104,"column":5},"end":{"line":104,"column":15}},"type":"binary-expr","locations":[{"start":{"line":104,"column":5},"end":{"line":104,"column":9}},{"start":{"line":104,"column":13},"end":{"line":104,"column":15}}],"line":104},"21":{"loc":{"start":{"line":112,"column":45},"end":{"line":112,"column":58}},"type":"default-arg","locations":[{"start":{"line":112,"column":56},"end":{"line":112,"column":58}}],"line":112}},"s":{"0":8,"1":8,"2":8,"3":23,"4":11,"5":12,"6":3,"7":3,"8":9,"9":8,"10":47,"11":47,"12":47,"13":47,"14":47,"15":21,"16":8,"17":0,"18":0,"19":0,"20":0,"21":0,"22":0,"23":0,"24":0,"25":0,"26":0,"27":8,"28":0,"29":0,"30":8,"31":0,"32":0,"33":0,"34":0,"35":8,"36":0,"37":0,"38":0,"39":0,"40":0,"41":8,"42":0,"43":0,"44":0,"45":0,"46":8,"47":0,"48":0,"49":0,"50":0,"51":0,"52":0,"53":8,"54":23,"55":47,"56":0,"57":0,"58":0,"59":0,"60":0,"61":0},"f":{"0":23,"1":47,"2":21,"3":0,"4":0,"5":0,"6":0,"7":0,"8":0,"9":0,"10":0,"11":0,"12":0,"13":0,"14":23,"15":47,"16":0,"17":0,"18":0,"19":0,"20":0,"21":0},"b":{"0":[11,12],"1":[3,0],"2":[47,31],"3":[47,36],"4":[47,43],"5":[47,43],"6":[47,43],"7":[0,0],"8":[0,0],"9":[0,0,0],"10":[0,0],"11":[0],"12":[0,0],"13":[0,0],"14":[0,0],"15":[0,0],"16":[0,0],"17":[0,0],"18":[0,0],"19":[0,0],"20":[0,0],"21":[0]},"_coverageSchema":"43e27e138ebf9cfc5966b082cf9a028302ed4184","hash":"cb647cb7085f19785ab817fab97b6a9144d958a3"}
,"C:\\Users\\Kenneth\\Desktop\\Ian\\Work\\Prismo\\Obj.js-Testing\\var.js": {"path":"C:\\Users\\Kenneth\\Desktop\\Ian\\Work\\Prismo\\Obj.js-Testing\\var.js","statementMap":{"0":{"start":{"line":7,"column":32},"end":{"line":7,"column":70}},"1":{"start":{"line":7,"column":37},"end":{"line":7,"column":70}},"2":{"start":{"line":10,"column":27},"end":{"line":10,"column":61}},"3":{"start":{"line":10,"column":32},"end":{"line":10,"column":61}},"4":{"start":{"line":12,"column":0},"end":{"line":15,"column":1}},"5":{"start":{"line":13,"column":29},"end":{"line":13,"column":52}},"6":{"start":{"line":14,"column":23},"end":{"line":14,"column":41}}},"fnMap":{"0":{"name":"(anonymous_0)","decl":{"start":{"line":7,"column":32},"end":{"line":7,"column":33}},"loc":{"start":{"line":7,"column":37},"end":{"line":7,"column":70}},"line":7},"1":{"name":"(anonymous_1)","decl":{"start":{"line":10,"column":27},"end":{"line":10,"column":28}},"loc":{"start":{"line":10,"column":32},"end":{"line":10,"column":61}},"line":10},"2":{"name":"(anonymous_2)","decl":{"start":{"line":13,"column":15},"end":{"line":13,"column":16}},"loc":{"start":{"line":13,"column":27},"end":{"line":13,"column":54}},"line":13},"3":{"name":"(anonymous_3)","decl":{"start":{"line":14,"column":10},"end":{"line":14,"column":11}},"loc":{"start":{"line":14,"column":22},"end":{"line":14,"column":43}},"line":14}},"branchMap":{"0":{"loc":{"start":{"line":7,"column":37},"end":{"line":7,"column":70}},"type":"binary-expr","locations":[{"start":{"line":7,"column":38},"end":{"line":7,"column":48}},{"start":{"line":7,"column":54},"end":{"line":7,"column":69}}],"line":7},"1":{"loc":{"start":{"line":10,"column":32},"end":{"line":10,"column":61}},"type":"binary-expr","locations":[{"start":{"line":10,"column":32},"end":{"line":10,"column":47}},{"start":{"line":10,"column":52},"end":{"line":10,"column":60}}],"line":10}},"s":{"0":8,"1":0,"2":8,"3":0,"4":8,"5":0,"6":0},"f":{"0":0,"1":0,"2":0,"3":0},"b":{"0":[0,0],"1":[0,0]},"_coverageSchema":"43e27e138ebf9cfc5966b082cf9a028302ed4184","hash":"d46cb1dea4b2990f3a93a27ed11c369303f6d2c6"}
}
