TN:
SF:C:\Users\Kenneth\Desktop\Ian\Work\Prismo\Obj.js-Testing\obj.js
FN:7,(anonymous_0)
FN:24,(anonymous_1)
FN:30,(anonymous_2)
FN:36,(anonymous_3)
FN:53,(anonymous_4)
FN:54,(anonymous_5)
FN:61,(anonymous_6)
FN:63,(anonymous_7)
FN:70,(anonymous_8)
FN:75,(anonymous_9)
FN:83,(anonymous_10)
FN:84,(anonymous_11)
FN:96,(anonymous_12)
FN:97,(anonymous_13)
FN:108,(anonymous_14)
FN:109,(anonymous_15)
FN:110,(anonymous_16)
FN:111,(anonymous_17)
FN:112,(anonymous_18)
FN:113,(anonymous_19)
FN:114,(anonymous_20)
FN:115,(anonymous_21)
FNF:22
FNH:13
FNDA:23,(anonymous_0)
FNDA:47,(anonymous_1)
FNDA:21,(anonymous_2)
FNDA:29,(anonymous_3)
FNDA:0,(anonymous_4)
FNDA:0,(anonymous_5)
FNDA:0,(anonymous_6)
FNDA:0,(anonymous_7)
FNDA:8,(anonymous_8)
FNDA:6,(anonymous_9)
FNDA:23,(anonymous_10)
FNDA:12,(anonymous_11)
FNDA:0,(anonymous_12)
FNDA:0,(anonymous_13)
FNDA:23,(anonymous_14)
FNDA:47,(anonymous_15)
FNDA:29,(anonymous_16)
FNDA:0,(anonymous_17)
FNDA:0,(anonymous_18)
FNDA:8,(anonymous_19)
FNDA:23,(anonymous_20)
FNDA:0,(anonymous_21)
DA:2,8
DA:3,8
DA:7,8
DA:8,23
DA:9,11
DA:12,12
DA:13,3
DA:14,3
DA:17,9
DA:24,8
DA:25,47
DA:26,47
DA:27,47
DA:28,47
DA:29,47
DA:30,21
DA:36,8
DA:37,29
DA:38,8
DA:40,21
DA:41,21
DA:42,18
DA:43,18
DA:44,18
DA:45,21
DA:46,21
DA:48,18
DA:53,8
DA:54,0
DA:55,0
DA:61,8
DA:62,0
DA:63,0
DA:64,0
DA:66,0
DA:70,8
DA:71,8
DA:72,8
DA:73,0
DA:75,8
DA:83,23
DA:85,12
DA:86,11
DA:87,11
DA:96,8
DA:98,0
DA:99,0
DA:100,0
DA:102,0
DA:103,0
DA:107,8
DA:108,23
DA:109,47
DA:110,29
DA:111,0
DA:112,0
DA:113,8
DA:114,23
DA:115,0
LF:59
LH:44
BRDA:8,0,0,11
BRDA:8,0,1,12
BRDA:13,1,0,3
BRDA:13,1,1,0
BRDA:25,2,0,47
BRDA:25,2,1,31
BRDA:26,3,0,47
BRDA:26,3,1,36
BRDA:27,4,0,47
BRDA:27,4,1,43
BRDA:28,5,0,47
BRDA:28,5,1,43
BRDA:29,6,0,47
BRDA:29,6,1,43
BRDA:37,7,0,8
BRDA:37,7,1,21
BRDA:40,8,0,21
BRDA:40,8,1,16
BRDA:44,9,0,39
BRDA:44,9,1,39
BRDA:44,9,2,25
BRDA:54,10,0,0
BRDA:54,10,1,0
BRDA:61,11,0,0
BRDA:62,12,0,0
BRDA:62,12,1,0
BRDA:63,13,0,0
BRDA:63,13,1,0
BRDA:71,14,0,8
BRDA:71,14,1,2
BRDA:72,15,0,0
BRDA:72,15,1,8
BRDA:83,16,0,23
BRDA:83,16,1,6
BRDA:88,17,0,23
BRDA:88,17,1,23
BRDA:96,18,0,0
BRDA:96,18,1,0
BRDA:99,19,0,0
BRDA:99,19,1,0
BRDA:104,20,0,0
BRDA:104,20,1,0
BRDA:112,21,0,0
BRF:43
BRH:27
end_of_record
TN:
SF:C:\Users\Kenneth\Desktop\Ian\Work\Prismo\Obj.js-Testing\var.js
FN:7,(anonymous_0)
FN:10,(anonymous_1)
FN:13,(anonymous_2)
FN:14,(anonymous_3)
FNF:4
FNH:2
FNDA:29,(anonymous_0)
FNDA:0,(anonymous_1)
FNDA:29,(anonymous_2)
FNDA:0,(anonymous_3)
DA:7,29
DA:10,8
DA:12,8
DA:13,29
DA:14,0
LF:5
LH:4
BRDA:7,0,0,29
BRDA:7,0,1,28
BRDA:10,1,0,0
BRDA:10,1,1,0
BRF:4
BRH:2
end_of_record
